{"C:\\Users\\Marko\\source\\NodeRepos\\TodoOrNotTodo\\client\\src\\Components\\TotControls\\index.ts": {"path":"C:\\Users\\Marko\\source\\NodeRepos\\TodoOrNotTodo\\client\\src\\Components\\TotControls\\index.ts","statementMap":{},"fnMap":{},"branchMap":{},"s":{},"f":{},"b":{}}
,"C:\\Users\\Marko\\source\\NodeRepos\\TodoOrNotTodo\\client\\src\\Components\\TotControls\\Interfaces\\TotControlInterfaces.ts": {"path":"C:\\Users\\Marko\\source\\NodeRepos\\TodoOrNotTodo\\client\\src\\Components\\TotControls\\Interfaces\\TotControlInterfaces.ts","statementMap":{},"fnMap":{},"branchMap":{},"s":{},"f":{},"b":{}}
,"C:\\Users\\Marko\\source\\NodeRepos\\TodoOrNotTodo\\client\\src\\Declarations\\declaration.d.ts": {"path":"C:\\Users\\Marko\\source\\NodeRepos\\TodoOrNotTodo\\client\\src\\Declarations\\declaration.d.ts","statementMap":{},"fnMap":{},"branchMap":{},"s":{},"f":{},"b":{}}
,"C:\\Users\\Marko\\source\\NodeRepos\\TodoOrNotTodo\\client\\src\\Services\\FormInputLinkService\\FormInputLinkService.ts": {"path":"C:\\Users\\Marko\\source\\NodeRepos\\TodoOrNotTodo\\client\\src\\Services\\FormInputLinkService\\FormInputLinkService.ts","statementMap":{"0":{"start":{"line":12,"column":2},"end":{"line":12,"column":28}},"1":{"start":{"line":13,"column":2},"end":{"line":13,"column":55}},"2":{"start":{"line":14,"column":2},"end":{"line":18,"column":5}},"3":{"start":{"line":15,"column":3},"end":{"line":17,"column":6}},"4":{"start":{"line":22,"column":2},"end":{"line":24,"column":5}},"5":{"start":{"line":23,"column":3},"end":{"line":23,"column":25}},"6":{"start":{"line":25,"column":2},"end":{"line":25,"column":18}},"7":{"start":{"line":29,"column":2},"end":{"line":29,"column":43}},"8":{"start":{"line":33,"column":2},"end":{"line":33,"column":44}},"9":{"start":{"line":37,"column":18},"end":{"line":37,"column":93}},"10":{"start":{"line":37,"column":69},"end":{"line":37,"column":92}},"11":{"start":{"line":38,"column":2},"end":{"line":38,"column":19}}},"fnMap":{"0":{"name":"(anonymous_0)","decl":{"start":{"line":11,"column":1},"end":{"line":11,"column":2}},"loc":{"start":{"line":11,"column":28},"end":{"line":19,"column":2}},"line":11},"1":{"name":"(anonymous_1)","decl":{"start":{"line":14,"column":32},"end":{"line":14,"column":33}},"loc":{"start":{"line":14,"column":52},"end":{"line":18,"column":3}},"line":14},"2":{"name":"(anonymous_2)","decl":{"start":{"line":21,"column":1},"end":{"line":21,"column":2}},"loc":{"start":{"line":21,"column":52},"end":{"line":26,"column":2}},"line":21},"3":{"name":"(anonymous_3)","decl":{"start":{"line":22,"column":32},"end":{"line":22,"column":33}},"loc":{"start":{"line":22,"column":42},"end":{"line":24,"column":3}},"line":22},"4":{"name":"(anonymous_4)","decl":{"start":{"line":28,"column":1},"end":{"line":28,"column":2}},"loc":{"start":{"line":28,"column":30},"end":{"line":30,"column":2}},"line":28},"5":{"name":"(anonymous_5)","decl":{"start":{"line":32,"column":1},"end":{"line":32,"column":2}},"loc":{"start":{"line":32,"column":42},"end":{"line":34,"column":2}},"line":32},"6":{"name":"(anonymous_6)","decl":{"start":{"line":36,"column":1},"end":{"line":36,"column":2}},"loc":{"start":{"line":36,"column":45},"end":{"line":39,"column":2}},"line":36},"7":{"name":"(anonymous_7)","decl":{"start":{"line":37,"column":44},"end":{"line":37,"column":45}},"loc":{"start":{"line":37,"column":69},"end":{"line":37,"column":92}},"line":37}},"branchMap":{},"s":{"0":4,"1":4,"2":4,"3":4,"4":5,"5":5,"6":5,"7":2,"8":1,"9":3,"10":3,"11":3},"f":{"0":4,"1":4,"2":5,"3":5,"4":2,"5":1,"6":3,"7":3},"b":{},"_coverageSchema":"1a1c01bbd47fc00a2c39e90264f33305004495a9","hash":"f1b24cd8a08e5a7df6d52bd678d717f5ab8e2e6a"}
,"C:\\Users\\Marko\\source\\NodeRepos\\TodoOrNotTodo\\client\\src\\Services\\FormInputLinkService\\index.ts": {"path":"C:\\Users\\Marko\\source\\NodeRepos\\TodoOrNotTodo\\client\\src\\Services\\FormInputLinkService\\index.ts","statementMap":{},"fnMap":{},"branchMap":{},"s":{},"f":{},"b":{},"_coverageSchema":"1a1c01bbd47fc00a2c39e90264f33305004495a9","hash":"ec749a9830ef66708fdc4493270bba6435f9b204"}
,"C:\\Users\\Marko\\source\\NodeRepos\\TodoOrNotTodo\\client\\src\\Services\\ValidationService\\ValidationService.ts": {"path":"C:\\Users\\Marko\\source\\NodeRepos\\TodoOrNotTodo\\client\\src\\Services\\ValidationService\\ValidationService.ts","statementMap":{"0":{"start":{"line":18,"column":37},"end":{"line":18,"column":39}},"1":{"start":{"line":19,"column":46},"end":{"line":19,"column":48}},"2":{"start":{"line":21,"column":42},"end":{"line":21,"column":44}},"3":{"start":{"line":22,"column":52},"end":{"line":22,"column":54}},"4":{"start":{"line":24,"column":40},"end":{"line":24,"column":42}},"5":{"start":{"line":25,"column":50},"end":{"line":25,"column":52}},"6":{"start":{"line":30,"column":2},"end":{"line":30,"column":32}},"7":{"start":{"line":31,"column":2},"end":{"line":31,"column":41}},"8":{"start":{"line":32,"column":2},"end":{"line":32,"column":43}},"9":{"start":{"line":36,"column":16},"end":{"line":36,"column":20}},"10":{"start":{"line":37,"column":2},"end":{"line":37,"column":30}},"11":{"start":{"line":38,"column":2},"end":{"line":38,"column":28}},"12":{"start":{"line":40,"column":24},"end":{"line":40,"column":114}},"13":{"start":{"line":42,"column":2},"end":{"line":50,"column":5}},"14":{"start":{"line":43,"column":15},"end":{"line":43,"column":43}},"15":{"start":{"line":44,"column":3},"end":{"line":49,"column":4}},"16":{"start":{"line":45,"column":4},"end":{"line":45,"column":20}},"17":{"start":{"line":46,"column":4},"end":{"line":46,"column":43}},"18":{"start":{"line":48,"column":4},"end":{"line":48,"column":41}},"19":{"start":{"line":51,"column":2},"end":{"line":51,"column":17}},"20":{"start":{"line":55,"column":16},"end":{"line":55,"column":20}},"21":{"start":{"line":57,"column":2},"end":{"line":57,"column":35}},"22":{"start":{"line":58,"column":2},"end":{"line":58,"column":33}},"23":{"start":{"line":60,"column":43},"end":{"line":60,"column":146}},"24":{"start":{"line":62,"column":2},"end":{"line":72,"column":3}},"25":{"start":{"line":62,"column":15},"end":{"line":62,"column":16}},"26":{"start":{"line":63,"column":19},"end":{"line":63,"column":37}},"27":{"start":{"line":64,"column":15},"end":{"line":64,"column":43}},"28":{"start":{"line":65,"column":26},"end":{"line":65,"column":62}},"29":{"start":{"line":66,"column":3},"end":{"line":71,"column":4}},"30":{"start":{"line":67,"column":4},"end":{"line":67,"column":46}},"31":{"start":{"line":69,"column":4},"end":{"line":69,"column":20}},"32":{"start":{"line":70,"column":4},"end":{"line":70,"column":48}},"33":{"start":{"line":73,"column":2},"end":{"line":73,"column":17}},"34":{"start":{"line":77,"column":2},"end":{"line":77,"column":60}},"35":{"start":{"line":77,"column":38},"end":{"line":77,"column":58}},"36":{"start":{"line":81,"column":22},"end":{"line":81,"column":51}},"37":{"start":{"line":83,"column":21},"end":{"line":83,"column":55}},"38":{"start":{"line":85,"column":2},"end":{"line":85,"column":39}},"39":{"start":{"line":93,"column":2},"end":{"line":93,"column":46}},"40":{"start":{"line":97,"column":2},"end":{"line":97,"column":52}},"41":{"start":{"line":101,"column":44},"end":{"line":101,"column":85}},"42":{"start":{"line":102,"column":2},"end":{"line":102,"column":76}},"43":{"start":{"line":104,"column":19},"end":{"line":104,"column":87}},"44":{"start":{"line":106,"column":2},"end":{"line":106,"column":20}},"45":{"start":{"line":110,"column":2},"end":{"line":110,"column":102}},"46":{"start":{"line":114,"column":2},"end":{"line":114,"column":107}},"47":{"start":{"line":118,"column":23},"end":{"line":118,"column":76}},"48":{"start":{"line":120,"column":27},"end":{"line":120,"column":60}},"49":{"start":{"line":122,"column":2},"end":{"line":122,"column":42}},"50":{"start":{"line":124,"column":25},"end":{"line":124,"column":83}},"51":{"start":{"line":124,"column":63},"end":{"line":124,"column":82}},"52":{"start":{"line":125,"column":2},"end":{"line":125,"column":26}},"53":{"start":{"line":129,"column":2},"end":{"line":137,"column":5}},"54":{"start":{"line":130,"column":3},"end":{"line":136,"column":4}},"55":{"start":{"line":131,"column":4},"end":{"line":131,"column":14}},"56":{"start":{"line":132,"column":10},"end":{"line":136,"column":4}},"57":{"start":{"line":133,"column":4},"end":{"line":133,"column":13}},"58":{"start":{"line":135,"column":4},"end":{"line":135,"column":13}},"59":{"start":{"line":141,"column":2},"end":{"line":143,"column":4}},"60":{"start":{"line":142,"column":3},"end":{"line":142,"column":94}}},"fnMap":{"0":{"name":"(anonymous_0)","decl":{"start":{"line":29,"column":1},"end":{"line":29,"column":2}},"loc":{"start":{"line":29,"column":75},"end":{"line":33,"column":2}},"line":29},"1":{"name":"(anonymous_1)","decl":{"start":{"line":35,"column":1},"end":{"line":35,"column":2}},"loc":{"start":{"line":35,"column":51},"end":{"line":52,"column":2}},"line":35},"2":{"name":"(anonymous_2)","decl":{"start":{"line":42,"column":26},"end":{"line":42,"column":27}},"loc":{"start":{"line":42,"column":53},"end":{"line":50,"column":3}},"line":42},"3":{"name":"(anonymous_3)","decl":{"start":{"line":54,"column":1},"end":{"line":54,"column":2}},"loc":{"start":{"line":54,"column":65},"end":{"line":74,"column":2}},"line":54},"4":{"name":"(anonymous_4)","decl":{"start":{"line":76,"column":1},"end":{"line":76,"column":2}},"loc":{"start":{"line":76,"column":67},"end":{"line":78,"column":2}},"line":76},"5":{"name":"(anonymous_5)","decl":{"start":{"line":77,"column":23},"end":{"line":77,"column":24}},"loc":{"start":{"line":77,"column":38},"end":{"line":77,"column":58}},"line":77},"6":{"name":"(anonymous_6)","decl":{"start":{"line":80,"column":1},"end":{"line":80,"column":2}},"loc":{"start":{"line":80,"column":63},"end":{"line":86,"column":2}},"line":80},"7":{"name":"(anonymous_7)","decl":{"start":{"line":92,"column":1},"end":{"line":92,"column":2}},"loc":{"start":{"line":92,"column":32},"end":{"line":94,"column":2}},"line":92},"8":{"name":"(anonymous_8)","decl":{"start":{"line":96,"column":1},"end":{"line":96,"column":2}},"loc":{"start":{"line":96,"column":72},"end":{"line":98,"column":2}},"line":96},"9":{"name":"(anonymous_9)","decl":{"start":{"line":100,"column":1},"end":{"line":100,"column":2}},"loc":{"start":{"line":100,"column":79},"end":{"line":107,"column":2}},"line":100},"10":{"name":"(anonymous_10)","decl":{"start":{"line":109,"column":1},"end":{"line":109,"column":2}},"loc":{"start":{"line":109,"column":82},"end":{"line":111,"column":2}},"line":109},"11":{"name":"(anonymous_11)","decl":{"start":{"line":113,"column":1},"end":{"line":113,"column":2}},"loc":{"start":{"line":113,"column":81},"end":{"line":115,"column":2}},"line":113},"12":{"name":"(anonymous_12)","decl":{"start":{"line":117,"column":1},"end":{"line":117,"column":2}},"loc":{"start":{"line":117,"column":102},"end":{"line":126,"column":2}},"line":117},"13":{"name":"(anonymous_13)","decl":{"start":{"line":124,"column":48},"end":{"line":124,"column":49}},"loc":{"start":{"line":124,"column":63},"end":{"line":124,"column":82}},"line":124},"14":{"name":"(anonymous_14)","decl":{"start":{"line":128,"column":1},"end":{"line":128,"column":2}},"loc":{"start":{"line":128,"column":54},"end":{"line":138,"column":2}},"line":128},"15":{"name":"(anonymous_15)","decl":{"start":{"line":129,"column":25},"end":{"line":129,"column":26}},"loc":{"start":{"line":129,"column":35},"end":{"line":137,"column":3}},"line":129},"16":{"name":"(anonymous_16)","decl":{"start":{"line":140,"column":1},"end":{"line":140,"column":2}},"loc":{"start":{"line":140,"column":76},"end":{"line":144,"column":2}},"line":140},"17":{"name":"(anonymous_17)","decl":{"start":{"line":141,"column":9},"end":{"line":141,"column":10}},"loc":{"start":{"line":141,"column":40},"end":{"line":143,"column":3}},"line":141}},"branchMap":{"0":{"loc":{"start":{"line":40,"column":24},"end":{"line":40,"column":114}},"type":"cond-expr","locations":[{"start":{"line":40,"column":31},"end":{"line":40,"column":47}},{"start":{"line":40,"column":51},"end":{"line":40,"column":113}}],"line":40},"1":{"loc":{"start":{"line":44,"column":3},"end":{"line":49,"column":4}},"type":"if","locations":[{"start":{"line":44,"column":3},"end":{"line":49,"column":4}},{"start":{"line":44,"column":3},"end":{"line":49,"column":4}}],"line":44},"2":{"loc":{"start":{"line":60,"column":43},"end":{"line":60,"column":146}},"type":"cond-expr","locations":[{"start":{"line":60,"column":50},"end":{"line":60,"column":70}},{"start":{"line":60,"column":74},"end":{"line":60,"column":145}}],"line":60},"3":{"loc":{"start":{"line":66,"column":3},"end":{"line":71,"column":4}},"type":"if","locations":[{"start":{"line":66,"column":3},"end":{"line":71,"column":4}},{"start":{"line":66,"column":3},"end":{"line":71,"column":4}}],"line":66},"4":{"loc":{"start":{"line":85,"column":9},"end":{"line":85,"column":38}},"type":"binary-expr","locations":[{"start":{"line":85,"column":9},"end":{"line":85,"column":22}},{"start":{"line":85,"column":26},"end":{"line":85,"column":38}}],"line":85},"5":{"loc":{"start":{"line":96,"column":29},"end":{"line":96,"column":70}},"type":"default-arg","locations":[{"start":{"line":96,"column":65},"end":{"line":96,"column":70}}],"line":96},"6":{"loc":{"start":{"line":100,"column":26},"end":{"line":100,"column":67}},"type":"default-arg","locations":[{"start":{"line":100,"column":62},"end":{"line":100,"column":67}}],"line":100},"7":{"loc":{"start":{"line":109,"column":29},"end":{"line":109,"column":70}},"type":"default-arg","locations":[{"start":{"line":109,"column":65},"end":{"line":109,"column":70}}],"line":109},"8":{"loc":{"start":{"line":113,"column":28},"end":{"line":113,"column":69}},"type":"default-arg","locations":[{"start":{"line":113,"column":64},"end":{"line":113,"column":69}}],"line":113},"9":{"loc":{"start":{"line":130,"column":3},"end":{"line":136,"column":4}},"type":"if","locations":[{"start":{"line":130,"column":3},"end":{"line":136,"column":4}},{"start":{"line":130,"column":3},"end":{"line":136,"column":4}}],"line":130},"10":{"loc":{"start":{"line":132,"column":10},"end":{"line":136,"column":4}},"type":"if","locations":[{"start":{"line":132,"column":10},"end":{"line":136,"column":4}},{"start":{"line":132,"column":10},"end":{"line":136,"column":4}}],"line":132},"11":{"loc":{"start":{"line":142,"column":10},"end":{"line":142,"column":93}},"type":"binary-expr","locations":[{"start":{"line":142,"column":11},"end":{"line":142,"column":31}},{"start":{"line":142,"column":35},"end":{"line":142,"column":39}},{"start":{"line":142,"column":45},"end":{"line":142,"column":69}},{"start":{"line":142,"column":73},"end":{"line":142,"column":92}}],"line":142}},"s":{"0":27,"1":27,"2":27,"3":27,"4":27,"5":27,"6":27,"7":27,"8":27,"9":16,"10":16,"11":16,"12":16,"13":16,"14":18,"15":18,"16":15,"17":15,"18":3,"19":16,"20":8,"21":8,"22":8,"23":8,"24":8,"25":8,"26":9,"27":9,"28":9,"29":9,"30":2,"31":7,"32":7,"33":8,"34":3,"35":6,"36":3,"37":3,"38":3,"39":27,"40":1,"41":2,"42":2,"43":2,"44":2,"45":4,"46":1,"47":7,"48":7,"49":7,"50":7,"51":9,"52":7,"53":7,"54":3,"55":1,"56":2,"57":1,"58":1,"59":7,"60":10},"f":{"0":27,"1":16,"2":18,"3":8,"4":3,"5":6,"6":3,"7":27,"8":1,"9":2,"10":4,"11":1,"12":7,"13":9,"14":7,"15":3,"16":7,"17":10},"b":{"0":[14,2],"1":[15,3],"2":[7,1],"3":[2,7],"4":[3,1],"5":[1],"6":[1],"7":[2],"8":[1],"9":[1,2],"10":[1,1],"11":[10,8,10,9]},"_coverageSchema":"1a1c01bbd47fc00a2c39e90264f33305004495a9","hash":"0440a8ae127b368c22fe27e52133ba61344998e6"}
,"C:\\Users\\Marko\\source\\NodeRepos\\TodoOrNotTodo\\client\\src\\Services\\ValidationService\\ValidationServiceBuilder.ts": {"path":"C:\\Users\\Marko\\source\\NodeRepos\\TodoOrNotTodo\\client\\src\\Services\\ValidationService\\ValidationServiceBuilder.ts","statementMap":{"0":{"start":{"line":8,"column":2},"end":{"line":8,"column":24}},"1":{"start":{"line":9,"column":2},"end":{"line":9,"column":29}},"2":{"start":{"line":13,"column":2},"end":{"line":13,"column":72}},"3":{"start":{"line":17,"column":2},"end":{"line":17,"column":35}},"4":{"start":{"line":18,"column":2},"end":{"line":18,"column":14}},"5":{"start":{"line":22,"column":2},"end":{"line":22,"column":40}},"6":{"start":{"line":23,"column":2},"end":{"line":23,"column":14}},"7":{"start":{"line":27,"column":30},"end":{"line":47,"column":3}},"8":{"start":{"line":30,"column":4},"end":{"line":43,"column":5}},"9":{"start":{"line":32,"column":6},"end":{"line":32,"column":21}},"10":{"start":{"line":35,"column":6},"end":{"line":35,"column":18}},"11":{"start":{"line":38,"column":6},"end":{"line":38,"column":19}},"12":{"start":{"line":41,"column":6},"end":{"line":41,"column":19}},"13":{"start":{"line":49,"column":2},"end":{"line":49,"column":35}},"14":{"start":{"line":50,"column":2},"end":{"line":50,"column":14}}},"fnMap":{"0":{"name":"(anonymous_0)","decl":{"start":{"line":7,"column":1},"end":{"line":7,"column":2}},"loc":{"start":{"line":7,"column":15},"end":{"line":10,"column":2}},"line":7},"1":{"name":"(anonymous_1)","decl":{"start":{"line":12,"column":1},"end":{"line":12,"column":2}},"loc":{"start":{"line":12,"column":35},"end":{"line":14,"column":2}},"line":12},"2":{"name":"(anonymous_2)","decl":{"start":{"line":16,"column":1},"end":{"line":16,"column":2}},"loc":{"start":{"line":16,"column":44},"end":{"line":19,"column":2}},"line":16},"3":{"name":"(anonymous_3)","decl":{"start":{"line":21,"column":1},"end":{"line":21,"column":2}},"loc":{"start":{"line":21,"column":54},"end":{"line":24,"column":2}},"line":21},"4":{"name":"(anonymous_4)","decl":{"start":{"line":26,"column":1},"end":{"line":26,"column":2}},"loc":{"start":{"line":26,"column":108},"end":{"line":51,"column":2}},"line":26},"5":{"name":"(anonymous_5)","decl":{"start":{"line":29,"column":13},"end":{"line":29,"column":14}},"loc":{"start":{"line":29,"column":24},"end":{"line":44,"column":4}},"line":29}},"branchMap":{"0":{"loc":{"start":{"line":30,"column":4},"end":{"line":43,"column":5}},"type":"switch","locations":[{"start":{"line":31,"column":5},"end":{"line":33,"column":6}},{"start":{"line":34,"column":5},"end":{"line":36,"column":6}},{"start":{"line":37,"column":5},"end":{"line":39,"column":6}},{"start":{"line":40,"column":5},"end":{"line":42,"column":6}}],"line":30}},"s":{"0":6,"1":6,"2":6,"3":1,"4":1,"5":1,"6":1,"7":4,"8":4,"9":1,"10":1,"11":1,"12":1,"13":4,"14":4},"f":{"0":6,"1":6,"2":1,"3":1,"4":4,"5":4},"b":{"0":[1,1,1,1]},"_coverageSchema":"1a1c01bbd47fc00a2c39e90264f33305004495a9","hash":"e926b364a5e57c4d3ec9d290cb3cc049cc2af63d"}
,"C:\\Users\\Marko\\source\\NodeRepos\\TodoOrNotTodo\\client\\src\\Services\\ValidationService\\index.ts": {"path":"C:\\Users\\Marko\\source\\NodeRepos\\TodoOrNotTodo\\client\\src\\Services\\ValidationService\\index.ts","statementMap":{},"fnMap":{},"branchMap":{},"s":{},"f":{},"b":{},"_coverageSchema":"1a1c01bbd47fc00a2c39e90264f33305004495a9","hash":"63d159b840b1b37d6a5275d9a7bea9d2b5ff9d0d"}
,"C:\\Users\\Marko\\source\\NodeRepos\\TodoOrNotTodo\\client\\src\\Utils\\AjaxUtils.ts": {"path":"C:\\Users\\Marko\\source\\NodeRepos\\TodoOrNotTodo\\client\\src\\Utils\\AjaxUtils.ts","statementMap":{"0":{"start":{"line":16,"column":2},"end":{"line":16,"column":78}},"1":{"start":{"line":17,"column":2},"end":{"line":17,"column":48}},"2":{"start":{"line":18,"column":2},"end":{"line":18,"column":66}},"3":{"start":{"line":19,"column":2},"end":{"line":19,"column":44}},"4":{"start":{"line":21,"column":20},"end":{"line":21,"column":121}},"5":{"start":{"line":23,"column":2},"end":{"line":25,"column":5}}},"fnMap":{"0":{"name":"(anonymous_0)","decl":{"start":{"line":15,"column":1},"end":{"line":15,"column":2}},"loc":{"start":{"line":15,"column":69},"end":{"line":26,"column":2}},"line":15}},"branchMap":{"0":{"loc":{"start":{"line":16,"column":20},"end":{"line":16,"column":77}},"type":"binary-expr","locations":[{"start":{"line":16,"column":20},"end":{"line":16,"column":35}},{"start":{"line":16,"column":39},"end":{"line":16,"column":77}}],"line":16},"1":{"loc":{"start":{"line":17,"column":21},"end":{"line":17,"column":47}},"type":"binary-expr","locations":[{"start":{"line":17,"column":21},"end":{"line":17,"column":37}},{"start":{"line":17,"column":41},"end":{"line":17,"column":47}}],"line":17},"2":{"loc":{"start":{"line":18,"column":24},"end":{"line":18,"column":65}},"type":"binary-expr","locations":[{"start":{"line":18,"column":24},"end":{"line":18,"column":43}},{"start":{"line":18,"column":47},"end":{"line":18,"column":65}}],"line":18},"3":{"loc":{"start":{"line":19,"column":19},"end":{"line":19,"column":43}},"type":"binary-expr","locations":[{"start":{"line":19,"column":19},"end":{"line":19,"column":33}},{"start":{"line":19,"column":37},"end":{"line":19,"column":43}}],"line":19},"4":{"loc":{"start":{"line":21,"column":20},"end":{"line":21,"column":121}},"type":"cond-expr","locations":[{"start":{"line":21,"column":78},"end":{"line":21,"column":106}},{"start":{"line":21,"column":109},"end":{"line":21,"column":121}}],"line":21}},"s":{"0":2,"1":2,"2":2,"3":2,"4":2,"5":2},"f":{"0":2},"b":{"0":[2,1],"1":[2,1],"2":[2,1],"3":[2,1],"4":[1,1]},"_coverageSchema":"1a1c01bbd47fc00a2c39e90264f33305004495a9","hash":"ed64690d038ad915198e9b5b7264bacc9b1cb1c1"}
,"C:\\Users\\Marko\\source\\NodeRepos\\TodoOrNotTodo\\client\\src\\Utils\\ConfigUtils.ts": {"path":"C:\\Users\\Marko\\source\\NodeRepos\\TodoOrNotTodo\\client\\src\\Utils\\ConfigUtils.ts","statementMap":{"0":{"start":{"line":10,"column":2},"end":{"line":10,"column":36}}},"fnMap":{"0":{"name":"(anonymous_0)","decl":{"start":{"line":9,"column":1},"end":{"line":9,"column":2}},"loc":{"start":{"line":9,"column":36},"end":{"line":11,"column":2}},"line":9}},"branchMap":{},"s":{"0":2},"f":{"0":2},"b":{},"_coverageSchema":"1a1c01bbd47fc00a2c39e90264f33305004495a9","hash":"30812de6dce62fee6161b1a3cdaa21dab6de1eec"}
}
