TN:
SF:src\Components\TotControls\index.ts
FNF:0
FNH:0
LF:0
LH:0
BRF:0
BRH:0
end_of_record
TN:
SF:src\Components\TotControls\Interfaces\TotControlInterfaces.ts
FNF:0
FNH:0
LF:0
LH:0
BRF:0
BRH:0
end_of_record
TN:
SF:src\Declarations\declaration.d.ts
FNF:0
FNH:0
LF:0
LH:0
BRF:0
BRH:0
end_of_record
TN:
SF:src\Services\FormInputLinkService\FormInputLinkService.ts
FN:11,(anonymous_0)
FN:14,(anonymous_1)
FN:21,(anonymous_2)
FN:22,(anonymous_3)
FN:28,(anonymous_4)
FN:32,(anonymous_5)
FN:36,(anonymous_6)
FN:37,(anonymous_7)
FNF:8
FNH:8
FNDA:4,(anonymous_0)
FNDA:4,(anonymous_1)
FNDA:5,(anonymous_2)
FNDA:5,(anonymous_3)
FNDA:2,(anonymous_4)
FNDA:1,(anonymous_5)
FNDA:3,(anonymous_6)
FNDA:3,(anonymous_7)
DA:12,4
DA:13,4
DA:14,4
DA:15,4
DA:22,5
DA:23,5
DA:25,5
DA:29,2
DA:33,1
DA:37,3
DA:38,3
LF:11
LH:11
BRF:0
BRH:0
end_of_record
TN:
SF:src\Services\FormInputLinkService\index.ts
FNF:0
FNH:0
LF:0
LH:0
BRF:0
BRH:0
end_of_record
TN:
SF:src\Services\ValidationService\ValidationService.ts
FN:29,(anonymous_0)
FN:35,(anonymous_1)
FN:42,(anonymous_2)
FN:54,(anonymous_3)
FN:76,(anonymous_4)
FN:77,(anonymous_5)
FN:80,(anonymous_6)
FN:92,(anonymous_7)
FN:96,(anonymous_8)
FN:100,(anonymous_9)
FN:109,(anonymous_10)
FN:113,(anonymous_11)
FN:117,(anonymous_12)
FN:124,(anonymous_13)
FN:128,(anonymous_14)
FN:129,(anonymous_15)
FN:140,(anonymous_16)
FN:141,(anonymous_17)
FNF:18
FNH:18
FNDA:27,(anonymous_0)
FNDA:16,(anonymous_1)
FNDA:18,(anonymous_2)
FNDA:8,(anonymous_3)
FNDA:3,(anonymous_4)
FNDA:6,(anonymous_5)
FNDA:3,(anonymous_6)
FNDA:27,(anonymous_7)
FNDA:1,(anonymous_8)
FNDA:2,(anonymous_9)
FNDA:4,(anonymous_10)
FNDA:1,(anonymous_11)
FNDA:7,(anonymous_12)
FNDA:9,(anonymous_13)
FNDA:7,(anonymous_14)
FNDA:3,(anonymous_15)
FNDA:7,(anonymous_16)
FNDA:10,(anonymous_17)
DA:18,27
DA:19,27
DA:21,27
DA:22,27
DA:24,27
DA:25,27
DA:30,27
DA:31,27
DA:32,27
DA:36,16
DA:37,16
DA:38,16
DA:40,16
DA:42,16
DA:43,18
DA:44,18
DA:45,15
DA:46,15
DA:48,3
DA:51,16
DA:55,8
DA:57,8
DA:58,8
DA:60,8
DA:62,8
DA:63,9
DA:64,9
DA:65,9
DA:66,9
DA:67,2
DA:69,7
DA:70,7
DA:73,8
DA:77,6
DA:81,3
DA:83,3
DA:85,3
DA:93,27
DA:97,1
DA:101,2
DA:102,2
DA:104,2
DA:106,2
DA:110,4
DA:114,1
DA:118,7
DA:120,7
DA:122,7
DA:124,9
DA:125,7
DA:129,7
DA:130,3
DA:131,1
DA:132,2
DA:133,1
DA:135,1
DA:141,7
DA:142,10
LF:58
LH:58
BRDA:40,0,0,14
BRDA:40,0,1,2
BRDA:44,1,0,15
BRDA:44,1,1,3
BRDA:60,2,0,7
BRDA:60,2,1,1
BRDA:66,3,0,2
BRDA:66,3,1,7
BRDA:85,4,0,3
BRDA:85,4,1,1
BRDA:96,5,0,1
BRDA:100,6,0,1
BRDA:109,7,0,2
BRDA:113,8,0,1
BRDA:130,9,0,1
BRDA:130,9,1,2
BRDA:132,10,0,1
BRDA:132,10,1,1
BRDA:142,11,0,10
BRDA:142,11,1,8
BRDA:142,11,2,10
BRDA:142,11,3,9
BRF:22
BRH:22
end_of_record
TN:
SF:src\Services\ValidationService\ValidationServiceBuilder.ts
FN:7,(anonymous_0)
FN:12,(anonymous_1)
FN:16,(anonymous_2)
FN:21,(anonymous_3)
FN:26,(anonymous_4)
FN:29,(anonymous_5)
FNF:6
FNH:6
FNDA:6,(anonymous_0)
FNDA:6,(anonymous_1)
FNDA:1,(anonymous_2)
FNDA:1,(anonymous_3)
FNDA:4,(anonymous_4)
FNDA:4,(anonymous_5)
DA:8,6
DA:9,6
DA:13,6
DA:17,1
DA:18,1
DA:22,1
DA:23,1
DA:27,4
DA:30,4
DA:32,1
DA:35,1
DA:38,1
DA:41,1
DA:49,4
DA:50,4
LF:15
LH:15
BRDA:30,0,0,1
BRDA:30,0,1,1
BRDA:30,0,2,1
BRDA:30,0,3,1
BRF:4
BRH:4
end_of_record
TN:
SF:src\Services\ValidationService\index.ts
FNF:0
FNH:0
LF:0
LH:0
BRF:0
BRH:0
end_of_record
TN:
SF:src\Utils\AjaxUtils.ts
FN:15,(anonymous_0)
FNF:1
FNH:1
FNDA:2,(anonymous_0)
DA:16,2
DA:17,2
DA:18,2
DA:19,2
DA:21,2
DA:23,2
LF:6
LH:6
BRDA:16,0,0,2
BRDA:16,0,1,1
BRDA:17,1,0,2
BRDA:17,1,1,1
BRDA:18,2,0,2
BRDA:18,2,1,1
BRDA:19,3,0,2
BRDA:19,3,1,1
BRDA:21,4,0,1
BRDA:21,4,1,1
BRF:10
BRH:10
end_of_record
TN:
SF:src\Utils\ConfigUtils.ts
FN:9,(anonymous_0)
FNF:1
FNH:1
FNDA:2,(anonymous_0)
DA:10,2
LF:1
LH:1
BRF:0
BRH:0
end_of_record
